<?xml version="1.0" encoding="UTF-8"?>
<testng-results skipped="0" failed="0" ignored="0" total="1" passed="1">
  <reporter-output>
  </reporter-output>
  <suite name="Default suite" duration-ms="38453" started-at="2017-11-14T12:34:17Z" finished-at="2017-11-14T12:34:56Z">
    <groups>
    </groups>
    <test name="Default test" duration-ms="38453" started-at="2017-11-14T12:34:17Z" finished-at="2017-11-14T12:34:56Z">
      <class name="com.caad.test.AndroidContactsTest">
        <test-method status="PASS" signature="beforeSuite()[pri:0, instance:com.caad.test.AndroidContactsTest@4de8b406]" name="beforeSuite" is-config="true" duration-ms="6106" started-at="2017-11-14T20:34:11Z" finished-at="2017-11-14T20:34:17Z">
          <reporter-output>
          </reporter-output>
        </test-method> <!-- beforeSuite -->
        <test-method status="PASS" signature="addContact()[pri:0, instance:com.caad.test.AndroidContactsTest@4de8b406]" name="addContact" duration-ms="37286" started-at="2017-11-14T20:34:18Z" finished-at="2017-11-14T20:34:55Z">
          <reporter-output>
          </reporter-output>
        </test-method> <!-- addContact -->
        <test-method status="PASS" signature="afterClass()[pri:0, instance:com.caad.test.AndroidContactsTest@4de8b406]" name="afterClass" is-config="true" duration-ms="1" started-at="2017-11-14T20:34:55Z" finished-at="2017-11-14T20:34:55Z">
          <reporter-output>
          </reporter-output>
        </test-method> <!-- afterClass -->
        <test-method status="PASS" signature="afterTest()[pri:0, instance:com.caad.test.AndroidContactsTest@4de8b406]" name="afterTest" is-config="true" duration-ms="1151" started-at="2017-11-14T20:34:55Z" finished-at="2017-11-14T20:34:56Z">
          <reporter-output>
          </reporter-output>
        </test-method> <!-- afterTest -->
      </class> <!-- com.caad.test.AndroidContactsTest -->
    </test> <!-- Default test -->
  </suite> <!-- Default suite -->
</testng-results>
